{"contracts\\DividendDistributor.sol":{"l":{"42":14,"43":14,"44":14,"46":14,"47":14,"49":14,"50":14,"51":14,"59":11,"62":11,"63":11,"64":10,"67":10,"68":10,"71":10,"77":10,"83":10,"85":10,"92":9,"93":9,"94":9,"96":8,"97":8,"98":8,"100":8,"101":8,"102":8,"104":7,"106":7,"111":7,"119":5,"120":5,"122":5,"123":5,"124":5,"126":5,"127":5,"135":3,"139":2,"143":2},"path":"C:\\Users\\User\\Documents\\dev\\solar_energy_iofy\\contracts\\contracts\\DividendDistributor.sol","s":{"1":14,"2":14,"3":14,"4":14,"5":14,"6":11,"7":11,"8":11,"9":10,"10":10,"11":10,"12":10,"13":10,"14":10,"15":9,"16":9,"17":9,"18":8,"19":8,"20":8,"21":8,"22":8,"23":8,"24":7,"25":7,"26":5,"27":5,"28":0,"29":5,"30":5,"31":5,"32":5,"33":5,"34":3,"35":2,"36":2},"b":{"1":[14,0],"2":[14,0],"3":[14,0],"4":[13,2],"5":[11,2],"6":[11,0],"7":[10,1],"8":[10,0],"9":[10,0],"10":[10,0],"11":[9,0],"12":[8,1],"13":[7,1],"14":[7,0],"15":[0,5],"16":[2,1],"17":[2,0]},"f":{"1":14,"2":11,"3":9,"4":5,"5":3,"6":2,"7":2},"fnMap":{"1":{"name":"constructor","line":37,"loc":{"start":{"line":37,"column":4},"end":{"line":52,"column":4}}},"2":{"name":"distributeDividends","line":57,"loc":{"start":{"line":54,"column":4},"end":{"line":86,"column":4}}},"3":{"name":"claimDividends","line":90,"loc":{"start":{"line":88,"column":4},"end":{"line":112,"column":4}}},"4":{"name":"getUnclaimedDividends","line":114,"loc":{"start":{"line":114,"column":4},"end":{"line":128,"column":4}}},"5":{"name":"getDividendHistory","line":130,"loc":{"start":{"line":130,"column":4},"end":{"line":136,"column":4}}},"6":{"name":"pause","line":138,"loc":{"start":{"line":138,"column":4},"end":{"line":140,"column":4}}},"7":{"name":"unpause","line":142,"loc":{"start":{"line":142,"column":4},"end":{"line":144,"column":4}}}},"statementMap":{"1":{"start":{"line":42,"column":8},"end":{"line":42,"column":78}},"2":{"start":{"line":43,"column":8},"end":{"line":43,"column":84}},"3":{"start":{"line":44,"column":8},"end":{"line":44,"column":82}},"4":{"start":{"line":46,"column":8},"end":{"line":46,"column":49}},"5":{"start":{"line":47,"column":8},"end":{"line":47,"column":47}},"6":{"start":{"line":59,"column":8},"end":{"line":59,"column":59}},"7":{"start":{"line":62,"column":8},"end":{"line":62,"column":95}},"8":{"start":{"line":63,"column":8},"end":{"line":63,"column":70}},"9":{"start":{"line":64,"column":8},"end":{"line":64,"column":47}},"10":{"start":{"line":67,"column":8},"end":{"line":67,"column":87}},"11":{"start":{"line":68,"column":8},"end":{"line":68,"column":60}},"12":{"start":{"line":71,"column":8},"end":{"line":71,"column":2937}},"13":{"start":{"line":77,"column":8},"end":{"line":77,"column":3140}},"14":{"start":{"line":85,"column":8},"end":{"line":85,"column":66}},"15":{"start":{"line":92,"column":8},"end":{"line":92,"column":35}},"16":{"start":{"line":93,"column":8},"end":{"line":93,"column":74}},"17":{"start":{"line":94,"column":8},"end":{"line":94,"column":51}},"18":{"start":{"line":96,"column":8},"end":{"line":96,"column":73}},"19":{"start":{"line":97,"column":8},"end":{"line":97,"column":56}},"20":{"start":{"line":98,"column":8},"end":{"line":98,"column":66}},"21":{"start":{"line":100,"column":8},"end":{"line":100,"column":72}},"22":{"start":{"line":101,"column":8},"end":{"line":101,"column":53}},"23":{"start":{"line":102,"column":8},"end":{"line":102,"column":55}},"24":{"start":{"line":106,"column":8},"end":{"line":106,"column":4205}},"25":{"start":{"line":111,"column":8},"end":{"line":111,"column":56}},"26":{"start":{"line":119,"column":8},"end":{"line":119,"column":74}},"27":{"start":{"line":120,"column":8},"end":{"line":120,"column":39}},"28":{"start":{"line":120,"column":31},"end":{"line":120,"column":39}},"29":{"start":{"line":122,"column":8},"end":{"line":122,"column":73}},"30":{"start":{"line":123,"column":8},"end":{"line":123,"column":56}},"31":{"start":{"line":124,"column":8},"end":{"line":124,"column":66}},"32":{"start":{"line":126,"column":8},"end":{"line":126,"column":72}},"33":{"start":{"line":127,"column":8},"end":{"line":127,"column":40}},"34":{"start":{"line":135,"column":8},"end":{"line":135,"column":39}},"35":{"start":{"line":139,"column":8},"end":{"line":139,"column":15}},"36":{"start":{"line":143,"column":8},"end":{"line":143,"column":17}}},"branchMap":{"1":{"line":42,"type":"if","locations":[{"start":{"line":42,"column":8},"end":{"line":42,"column":8}},{"start":{"line":42,"column":8},"end":{"line":42,"column":8}}]},"2":{"line":43,"type":"if","locations":[{"start":{"line":43,"column":8},"end":{"line":43,"column":8}},{"start":{"line":43,"column":8},"end":{"line":43,"column":8}}]},"3":{"line":44,"type":"if","locations":[{"start":{"line":44,"column":8},"end":{"line":44,"column":8}},{"start":{"line":44,"column":8},"end":{"line":44,"column":8}}]},"4":{"line":56,"type":"if","locations":[{"start":{"line":56,"column":8},"end":{"line":56,"column":8}},{"start":{"line":56,"column":8},"end":{"line":56,"column":8}}]},"5":{"line":57,"type":"if","locations":[{"start":{"line":57,"column":8},"end":{"line":57,"column":8}},{"start":{"line":57,"column":8},"end":{"line":57,"column":8}}]},"6":{"line":59,"type":"if","locations":[{"start":{"line":59,"column":8},"end":{"line":59,"column":8}},{"start":{"line":59,"column":8},"end":{"line":59,"column":8}}]},"7":{"line":63,"type":"if","locations":[{"start":{"line":63,"column":8},"end":{"line":63,"column":8}},{"start":{"line":63,"column":8},"end":{"line":63,"column":8}}]},"8":{"line":64,"type":"if","locations":[{"start":{"line":64,"column":8},"end":{"line":64,"column":8}},{"start":{"line":64,"column":8},"end":{"line":64,"column":8}}]},"9":{"line":68,"type":"if","locations":[{"start":{"line":68,"column":8},"end":{"line":68,"column":8}},{"start":{"line":68,"column":8},"end":{"line":68,"column":8}}]},"10":{"line":71,"type":"if","locations":[{"start":{"line":71,"column":8},"end":{"line":71,"column":8}},{"start":{"line":71,"column":8},"end":{"line":71,"column":8}}]},"11":{"line":90,"type":"if","locations":[{"start":{"line":90,"column":8},"end":{"line":90,"column":8}},{"start":{"line":90,"column":8},"end":{"line":90,"column":8}}]},"12":{"line":94,"type":"if","locations":[{"start":{"line":94,"column":8},"end":{"line":94,"column":8}},{"start":{"line":94,"column":8},"end":{"line":94,"column":8}}]},"13":{"line":102,"type":"if","locations":[{"start":{"line":102,"column":8},"end":{"line":102,"column":8}},{"start":{"line":102,"column":8},"end":{"line":102,"column":8}}]},"14":{"line":106,"type":"if","locations":[{"start":{"line":106,"column":8},"end":{"line":106,"column":8}},{"start":{"line":106,"column":8},"end":{"line":106,"column":8}}]},"15":{"line":120,"type":"if","locations":[{"start":{"line":120,"column":8},"end":{"line":120,"column":8}},{"start":{"line":120,"column":8},"end":{"line":120,"column":8}}]},"16":{"line":138,"type":"if","locations":[{"start":{"line":138,"column":30},"end":{"line":138,"column":30}},{"start":{"line":138,"column":30},"end":{"line":138,"column":30}}]},"17":{"line":142,"type":"if","locations":[{"start":{"line":142,"column":32},"end":{"line":142,"column":32}},{"start":{"line":142,"column":32},"end":{"line":142,"column":32}}]}}},"contracts\\MockERC20.sol":{"l":{"16":23,"20":20},"path":"C:\\Users\\User\\Documents\\dev\\solar_energy_iofy\\contracts\\contracts\\MockERC20.sol","s":{"1":23,"2":20},"b":{"1":[20,1]},"f":{"1":23,"2":20},"fnMap":{"1":{"name":"constructor","line":15,"loc":{"start":{"line":12,"column":4},"end":{"line":17,"column":4}}},"2":{"name":"mint","line":19,"loc":{"start":{"line":19,"column":4},"end":{"line":21,"column":4}}}},"statementMap":{"1":{"start":{"line":16,"column":8},"end":{"line":16,"column":37}},"2":{"start":{"line":20,"column":8},"end":{"line":20,"column":24}}},"branchMap":{"1":{"line":19,"type":"if","locations":[{"start":{"line":19,"column":55},"end":{"line":19,"column":55}},{"start":{"line":19,"column":55},"end":{"line":19,"column":55}}]}}},"contracts\\ShareToken.sol":{"l":{"34":28,"35":28,"36":28,"37":28,"45":25,"46":25,"49":24,"50":24,"51":23,"53":22,"58":22,"59":22,"60":22,"62":22,"70":30,"71":30,"72":30,"73":29,"75":28,"76":28,"79":28,"80":28,"81":28,"84":28,"85":28,"93":1,"101":23,"109":27,"110":27,"114":2,"118":2},"path":"C:\\Users\\User\\Documents\\dev\\solar_energy_iofy\\contracts\\contracts\\ShareToken.sol","s":{"1":28,"2":28,"3":28,"4":25,"5":25,"6":24,"7":24,"8":23,"9":22,"10":22,"11":22,"12":30,"13":30,"14":30,"15":29,"16":28,"17":28,"18":28,"19":28,"20":28,"21":1,"22":23,"23":27,"24":27,"25":2,"26":2},"b":{"1":[28,0],"2":[28,2],"3":[25,3],"4":[25,0],"5":[24,1],"6":[23,1],"7":[22,1],"8":[30,0],"9":[30,0],"10":[30,0],"11":[29,1],"12":[28,1],"13":[28,0],"14":[2,1],"15":[2,0]},"f":{"1":28,"2":25,"3":30,"4":1,"5":23,"6":27,"7":2,"8":2},"fnMap":{"1":{"name":"constructor","line":33,"loc":{"start":{"line":33,"column":4},"end":{"line":38,"column":4}}},"2":{"name":"mintShares","line":43,"loc":{"start":{"line":40,"column":4},"end":{"line":63,"column":4}}},"3":{"name":"transferPanelShares","line":69,"loc":{"start":{"line":65,"column":4},"end":{"line":86,"column":4}}},"4":{"name":"getPanelHolders","line":88,"loc":{"start":{"line":88,"column":4},"end":{"line":94,"column":4}}},"5":{"name":"getPanelBalance","line":96,"loc":{"start":{"line":96,"column":4},"end":{"line":102,"column":4}}},"6":{"name":"getPanelTokenDetails","line":104,"loc":{"start":{"line":104,"column":4},"end":{"line":111,"column":4}}},"7":{"name":"pause","line":113,"loc":{"start":{"line":113,"column":4},"end":{"line":115,"column":4}}},"8":{"name":"unpause","line":117,"loc":{"start":{"line":117,"column":4},"end":{"line":119,"column":4}}}},"statementMap":{"1":{"start":{"line":34,"column":8},"end":{"line":34,"column":84}},"2":{"start":{"line":35,"column":8},"end":{"line":35,"column":49}},"3":{"start":{"line":36,"column":8},"end":{"line":36,"column":42}},"4":{"start":{"line":45,"column":8},"end":{"line":45,"column":59}},"5":{"start":{"line":46,"column":8},"end":{"line":46,"column":86}},"6":{"start":{"line":49,"column":8},"end":{"line":49,"column":108}},"7":{"start":{"line":50,"column":8},"end":{"line":50,"column":70}},"8":{"start":{"line":51,"column":8},"end":{"line":51,"column":47}},"9":{"start":{"line":58,"column":8},"end":{"line":58,"column":27}},"10":{"start":{"line":60,"column":8},"end":{"line":60,"column":40}},"11":{"start":{"line":62,"column":8},"end":{"line":62,"column":42}},"12":{"start":{"line":70,"column":8},"end":{"line":70,"column":67}},"13":{"start":{"line":71,"column":8},"end":{"line":71,"column":59}},"14":{"start":{"line":72,"column":8},"end":{"line":72,"column":81}},"15":{"start":{"line":73,"column":8},"end":{"line":73,"column":89}},"16":{"start":{"line":79,"column":8},"end":{"line":79,"column":63}},"17":{"start":{"line":80,"column":8},"end":{"line":80,"column":3084}},"18":{"start":{"line":81,"column":12},"end":{"line":81,"column":41}},"19":{"start":{"line":84,"column":8},"end":{"line":84,"column":40}},"20":{"start":{"line":85,"column":8},"end":{"line":85,"column":63}},"21":{"start":{"line":93,"column":8},"end":{"line":93,"column":36}},"22":{"start":{"line":101,"column":8},"end":{"line":101,"column":45}},"23":{"start":{"line":109,"column":8},"end":{"line":109,"column":58}},"24":{"start":{"line":110,"column":8},"end":{"line":110,"column":54}},"25":{"start":{"line":114,"column":8},"end":{"line":114,"column":15}},"26":{"start":{"line":118,"column":8},"end":{"line":118,"column":17}}},"branchMap":{"1":{"line":34,"type":"if","locations":[{"start":{"line":34,"column":8},"end":{"line":34,"column":8}},{"start":{"line":34,"column":8},"end":{"line":34,"column":8}}]},"2":{"line":42,"type":"if","locations":[{"start":{"line":42,"column":8},"end":{"line":42,"column":8}},{"start":{"line":42,"column":8},"end":{"line":42,"column":8}}]},"3":{"line":43,"type":"if","locations":[{"start":{"line":43,"column":8},"end":{"line":43,"column":8}},{"start":{"line":43,"column":8},"end":{"line":43,"column":8}}]},"4":{"line":45,"type":"if","locations":[{"start":{"line":45,"column":8},"end":{"line":45,"column":8}},{"start":{"line":45,"column":8},"end":{"line":45,"column":8}}]},"5":{"line":46,"type":"if","locations":[{"start":{"line":46,"column":8},"end":{"line":46,"column":8}},{"start":{"line":46,"column":8},"end":{"line":46,"column":8}}]},"6":{"line":50,"type":"if","locations":[{"start":{"line":50,"column":8},"end":{"line":50,"column":8}},{"start":{"line":50,"column":8},"end":{"line":50,"column":8}}]},"7":{"line":51,"type":"if","locations":[{"start":{"line":51,"column":8},"end":{"line":51,"column":8}},{"start":{"line":51,"column":8},"end":{"line":51,"column":8}}]},"8":{"line":69,"type":"if","locations":[{"start":{"line":69,"column":15},"end":{"line":69,"column":15}},{"start":{"line":69,"column":15},"end":{"line":69,"column":15}}]},"9":{"line":70,"type":"if","locations":[{"start":{"line":70,"column":8},"end":{"line":70,"column":8}},{"start":{"line":70,"column":8},"end":{"line":70,"column":8}}]},"10":{"line":71,"type":"if","locations":[{"start":{"line":71,"column":8},"end":{"line":71,"column":8}},{"start":{"line":71,"column":8},"end":{"line":71,"column":8}}]},"11":{"line":72,"type":"if","locations":[{"start":{"line":72,"column":8},"end":{"line":72,"column":8}},{"start":{"line":72,"column":8},"end":{"line":72,"column":8}}]},"12":{"line":73,"type":"if","locations":[{"start":{"line":73,"column":8},"end":{"line":73,"column":8}},{"start":{"line":73,"column":8},"end":{"line":73,"column":8}}]},"13":{"line":80,"type":"if","locations":[{"start":{"line":80,"column":8},"end":{"line":80,"column":8}},{"start":{"line":80,"column":8},"end":{"line":80,"column":8}}]},"14":{"line":113,"type":"if","locations":[{"start":{"line":113,"column":30},"end":{"line":113,"column":30}},{"start":{"line":113,"column":30},"end":{"line":113,"column":30}}]},"15":{"line":117,"type":"if","locations":[{"start":{"line":117,"column":32},"end":{"line":117,"column":32}},{"start":{"line":117,"column":32},"end":{"line":117,"column":32}}]}}},"contracts\\SolarPanelFactory.sol":{"l":{"25":12,"27":12,"28":12,"29":12,"31":12,"49":5,"50":4,"51":4,"52":4,"53":4,"55":4,"56":6,"66":3,"86":1,"87":1,"88":1,"89":1,"90":1,"91":1,"93":1,"94":3,"104":1,"111":2,"118":2},"path":"C:\\Users\\User\\Documents\\dev\\solar_energy_iofy\\contracts\\contracts\\SolarPanelFactory.sol","s":{"1":12,"2":12,"3":12,"4":12,"5":5,"6":4,"7":4,"8":4,"9":4,"10":4,"11":6,"12":3,"13":1,"14":1,"15":1,"16":1,"17":1,"18":1,"19":1,"20":3,"21":1,"22":2,"23":2},"b":{"1":[12,0],"2":[5,2],"3":[4,1],"4":[4,0],"5":[4,0],"6":[4,0],"7":[4,0],"8":[2,0],"9":[1,1],"10":[1,0],"11":[1,0],"12":[1,0],"13":[1,0],"14":[1,0],"15":[1,0],"16":[2,1],"17":[2,1]},"f":{"1":12,"2":5,"3":1,"4":2,"5":2},"fnMap":{"1":{"name":"constructor","line":24,"loc":{"start":{"line":24,"column":4},"end":{"line":32,"column":4}}},"2":{"name":"registerPanelsBatch","line":48,"loc":{"start":{"line":42,"column":4},"end":{"line":67,"column":4}}},"3":{"name":"registerPanelsBatchForOwners","line":85,"loc":{"start":{"line":78,"column":4},"end":{"line":105,"column":4}}},"4":{"name":"pause","line":110,"loc":{"start":{"line":110,"column":4},"end":{"line":112,"column":4}}},"5":{"name":"unpause","line":117,"loc":{"start":{"line":117,"column":4},"end":{"line":119,"column":4}}}},"statementMap":{"1":{"start":{"line":25,"column":8},"end":{"line":25,"column":74}},"2":{"start":{"line":27,"column":8},"end":{"line":27,"column":49}},"3":{"start":{"line":28,"column":8},"end":{"line":28,"column":41}},"4":{"start":{"line":29,"column":8},"end":{"line":29,"column":45}},"5":{"start":{"line":49,"column":8},"end":{"line":49,"column":88}},"6":{"start":{"line":50,"column":8},"end":{"line":50,"column":80}},"7":{"start":{"line":51,"column":8},"end":{"line":51,"column":84}},"8":{"start":{"line":52,"column":8},"end":{"line":52,"column":85}},"9":{"start":{"line":53,"column":8},"end":{"line":53,"column":57}},"10":{"start":{"line":55,"column":8},"end":{"line":55,"column":2179}},"11":{"start":{"line":56,"column":12},"end":{"line":56,"column":2250}},"12":{"start":{"line":66,"column":8},"end":{"line":66,"column":69}},"13":{"start":{"line":86,"column":8},"end":{"line":86,"column":88}},"14":{"start":{"line":87,"column":8},"end":{"line":87,"column":80}},"15":{"start":{"line":88,"column":8},"end":{"line":88,"column":84}},"16":{"start":{"line":89,"column":8},"end":{"line":89,"column":85}},"17":{"start":{"line":90,"column":8},"end":{"line":90,"column":81}},"18":{"start":{"line":91,"column":8},"end":{"line":91,"column":57}},"19":{"start":{"line":93,"column":8},"end":{"line":93,"column":3828}},"20":{"start":{"line":94,"column":12},"end":{"line":94,"column":3899}},"21":{"start":{"line":104,"column":8},"end":{"line":104,"column":69}},"22":{"start":{"line":111,"column":8},"end":{"line":111,"column":15}},"23":{"start":{"line":118,"column":8},"end":{"line":118,"column":17}}},"branchMap":{"1":{"line":25,"type":"if","locations":[{"start":{"line":25,"column":8},"end":{"line":25,"column":8}},{"start":{"line":25,"column":8},"end":{"line":25,"column":8}}]},"2":{"line":48,"type":"if","locations":[{"start":{"line":48,"column":15},"end":{"line":48,"column":15}},{"start":{"line":48,"column":15},"end":{"line":48,"column":15}}]},"3":{"line":49,"type":"if","locations":[{"start":{"line":49,"column":8},"end":{"line":49,"column":8}},{"start":{"line":49,"column":8},"end":{"line":49,"column":8}}]},"4":{"line":50,"type":"if","locations":[{"start":{"line":50,"column":8},"end":{"line":50,"column":8}},{"start":{"line":50,"column":8},"end":{"line":50,"column":8}}]},"5":{"line":51,"type":"if","locations":[{"start":{"line":51,"column":8},"end":{"line":51,"column":8}},{"start":{"line":51,"column":8},"end":{"line":51,"column":8}}]},"6":{"line":52,"type":"if","locations":[{"start":{"line":52,"column":8},"end":{"line":52,"column":8}},{"start":{"line":52,"column":8},"end":{"line":52,"column":8}}]},"7":{"line":53,"type":"if","locations":[{"start":{"line":53,"column":8},"end":{"line":53,"column":8}},{"start":{"line":53,"column":8},"end":{"line":53,"column":8}}]},"8":{"line":85,"type":"if","locations":[{"start":{"line":85,"column":13},"end":{"line":85,"column":13}},{"start":{"line":85,"column":13},"end":{"line":85,"column":13}}]},"9":{"line":85,"type":"if","locations":[{"start":{"line":85,"column":27},"end":{"line":85,"column":27}},{"start":{"line":85,"column":27},"end":{"line":85,"column":27}}]},"10":{"line":86,"type":"if","locations":[{"start":{"line":86,"column":8},"end":{"line":86,"column":8}},{"start":{"line":86,"column":8},"end":{"line":86,"column":8}}]},"11":{"line":87,"type":"if","locations":[{"start":{"line":87,"column":8},"end":{"line":87,"column":8}},{"start":{"line":87,"column":8},"end":{"line":87,"column":8}}]},"12":{"line":88,"type":"if","locations":[{"start":{"line":88,"column":8},"end":{"line":88,"column":8}},{"start":{"line":88,"column":8},"end":{"line":88,"column":8}}]},"13":{"line":89,"type":"if","locations":[{"start":{"line":89,"column":8},"end":{"line":89,"column":8}},{"start":{"line":89,"column":8},"end":{"line":89,"column":8}}]},"14":{"line":90,"type":"if","locations":[{"start":{"line":90,"column":8},"end":{"line":90,"column":8}},{"start":{"line":90,"column":8},"end":{"line":90,"column":8}}]},"15":{"line":91,"type":"if","locations":[{"start":{"line":91,"column":8},"end":{"line":91,"column":8}},{"start":{"line":91,"column":8},"end":{"line":91,"column":8}}]},"16":{"line":110,"type":"if","locations":[{"start":{"line":110,"column":30},"end":{"line":110,"column":30}},{"start":{"line":110,"column":30},"end":{"line":110,"column":30}}]},"17":{"line":117,"type":"if","locations":[{"start":{"line":117,"column":32},"end":{"line":117,"column":32}},{"start":{"line":117,"column":32},"end":{"line":117,"column":32}}]}}},"contracts\\SolarPanelRegistry.sol":{"l":{"49":8,"54":7,"58":64,"63":63,"67":53,"68":53,"69":53,"90":63,"91":62,"92":61,"93":60,"94":59,"95":58,"96":57,"98":55,"100":55,"111":55,"112":55,"114":55,"115":46,"118":55,"128":55,"144":3,"145":2,"146":2,"147":2,"149":2,"150":2,"151":2,"152":2,"154":2,"167":4,"168":4,"169":4,"182":6,"189":3,"196":3},"path":"C:\\Users\\User\\Documents\\dev\\solar_energy_iofy\\contracts\\contracts\\SolarPanelRegistry.sol","s":{"1":8,"2":64,"3":53,"4":53,"5":63,"6":62,"7":61,"8":60,"9":59,"10":58,"11":57,"12":55,"13":55,"14":55,"15":46,"16":55,"17":55,"18":3,"19":2,"20":2,"21":2,"22":2,"23":2,"24":4,"25":4,"26":6,"27":3,"28":3},"b":{"1":[7,1],"2":[7,0],"3":[63,1],"4":[63,0],"5":[64,1],"6":[63,1],"7":[62,1],"8":[61,1],"9":[60,1],"10":[59,1],"11":[58,1],"12":[57,1],"13":[55,2],"14":[46,9],"15":[4,0],"16":[3,1],"17":[2,1],"18":[2,0],"19":[2,0],"20":[2,0],"21":[4,0],"22":[4,0],"23":[4,0],"24":[3,2],"25":[3,1]},"f":{"1":8,"2":64,"3":53,"4":63,"5":3,"6":4,"7":6,"8":3,"9":3},"fnMap":{"1":{"name":"onlyPanelOwnerOrAdmin","line":48,"loc":{"start":{"line":48,"column":4},"end":{"line":55,"column":4}}},"2":{"name":"onlyFactoryOrAdmin","line":57,"loc":{"start":{"line":57,"column":4},"end":{"line":64,"column":4}}},"3":{"name":"constructor","line":66,"loc":{"start":{"line":66,"column":4},"end":{"line":70,"column":4}}},"4":{"name":"registerPanelByFactory","line":89,"loc":{"start":{"line":82,"column":4},"end":{"line":129,"column":4}}},"5":{"name":"updatePanelMetadata","line":143,"loc":{"start":{"line":138,"column":4},"end":{"line":155,"column":4}}},"6":{"name":"setPanelStatus","line":165,"loc":{"start":{"line":162,"column":4},"end":{"line":170,"column":4}}},"7":{"name":"getPanelsByOwner","line":177,"loc":{"start":{"line":177,"column":4},"end":{"line":183,"column":4}}},"8":{"name":"pause","line":188,"loc":{"start":{"line":188,"column":4},"end":{"line":190,"column":4}}},"9":{"name":"unpause","line":195,"loc":{"start":{"line":195,"column":4},"end":{"line":197,"column":4}}}},"statementMap":{"1":{"start":{"line":49,"column":8},"end":{"line":49,"column":1643}},"2":{"start":{"line":58,"column":8},"end":{"line":58,"column":1880}},"3":{"start":{"line":67,"column":8},"end":{"line":67,"column":49}},"4":{"start":{"line":68,"column":8},"end":{"line":68,"column":41}},"5":{"start":{"line":90,"column":8},"end":{"line":90,"column":80}},"6":{"start":{"line":91,"column":8},"end":{"line":91,"column":79}},"7":{"start":{"line":92,"column":8},"end":{"line":92,"column":63}},"8":{"start":{"line":93,"column":8},"end":{"line":93,"column":71}},"9":{"start":{"line":94,"column":8},"end":{"line":94,"column":64}},"10":{"start":{"line":95,"column":8},"end":{"line":95,"column":68}},"11":{"start":{"line":96,"column":8},"end":{"line":96,"column":104}},"12":{"start":{"line":98,"column":8},"end":{"line":98,"column":40}},"13":{"start":{"line":112,"column":8},"end":{"line":112,"column":40}},"14":{"start":{"line":114,"column":8},"end":{"line":114,"column":3985}},"15":{"start":{"line":115,"column":12},"end":{"line":115,"column":46}},"16":{"start":{"line":118,"column":8},"end":{"line":118,"column":4100}},"17":{"start":{"line":128,"column":8},"end":{"line":128,"column":22}},"18":{"start":{"line":144,"column":8},"end":{"line":144,"column":75}},"19":{"start":{"line":145,"column":8},"end":{"line":145,"column":63}},"20":{"start":{"line":146,"column":8},"end":{"line":146,"column":71}},"21":{"start":{"line":147,"column":8},"end":{"line":147,"column":64}},"22":{"start":{"line":149,"column":8},"end":{"line":149,"column":45}},"23":{"start":{"line":154,"column":8},"end":{"line":154,"column":63}},"24":{"start":{"line":167,"column":8},"end":{"line":167,"column":75}},"25":{"start":{"line":169,"column":8},"end":{"line":169,"column":50}},"26":{"start":{"line":182,"column":8},"end":{"line":182,"column":33}},"27":{"start":{"line":189,"column":8},"end":{"line":189,"column":15}},"28":{"start":{"line":196,"column":8},"end":{"line":196,"column":17}}},"branchMap":{"1":{"line":49,"type":"if","locations":[{"start":{"line":49,"column":8},"end":{"line":49,"column":8}},{"start":{"line":49,"column":8},"end":{"line":49,"column":8}}]},"2":{"line":50,"type":"cond-expr","locations":[{"start":{"line":50,"column":12},"end":{"line":50,"column":42}},{"start":{"line":51,"column":12},"end":{"line":51,"column":46}}]},"3":{"line":58,"type":"if","locations":[{"start":{"line":58,"column":8},"end":{"line":58,"column":8}},{"start":{"line":58,"column":8},"end":{"line":58,"column":8}}]},"4":{"line":59,"type":"cond-expr","locations":[{"start":{"line":59,"column":12},"end":{"line":59,"column":44}},{"start":{"line":60,"column":12},"end":{"line":60,"column":42}}]},"5":{"line":89,"type":"if","locations":[{"start":{"line":89,"column":13},"end":{"line":89,"column":13}},{"start":{"line":89,"column":13},"end":{"line":89,"column":13}}]},"6":{"line":89,"type":"if","locations":[{"start":{"line":89,"column":27},"end":{"line":89,"column":27}},{"start":{"line":89,"column":27},"end":{"line":89,"column":27}}]},"7":{"line":90,"type":"if","locations":[{"start":{"line":90,"column":8},"end":{"line":90,"column":8}},{"start":{"line":90,"column":8},"end":{"line":90,"column":8}}]},"8":{"line":91,"type":"if","locations":[{"start":{"line":91,"column":8},"end":{"line":91,"column":8}},{"start":{"line":91,"column":8},"end":{"line":91,"column":8}}]},"9":{"line":92,"type":"if","locations":[{"start":{"line":92,"column":8},"end":{"line":92,"column":8}},{"start":{"line":92,"column":8},"end":{"line":92,"column":8}}]},"10":{"line":93,"type":"if","locations":[{"start":{"line":93,"column":8},"end":{"line":93,"column":8}},{"start":{"line":93,"column":8},"end":{"line":93,"column":8}}]},"11":{"line":94,"type":"if","locations":[{"start":{"line":94,"column":8},"end":{"line":94,"column":8}},{"start":{"line":94,"column":8},"end":{"line":94,"column":8}}]},"12":{"line":95,"type":"if","locations":[{"start":{"line":95,"column":8},"end":{"line":95,"column":8}},{"start":{"line":95,"column":8},"end":{"line":95,"column":8}}]},"13":{"line":96,"type":"if","locations":[{"start":{"line":96,"column":8},"end":{"line":96,"column":8}},{"start":{"line":96,"column":8},"end":{"line":96,"column":8}}]},"14":{"line":114,"type":"if","locations":[{"start":{"line":114,"column":8},"end":{"line":114,"column":8}},{"start":{"line":114,"column":8},"end":{"line":114,"column":8}}]},"15":{"line":143,"type":"if","locations":[{"start":{"line":143,"column":15},"end":{"line":143,"column":15}},{"start":{"line":143,"column":15},"end":{"line":143,"column":15}}]},"16":{"line":143,"type":"if","locations":[{"start":{"line":143,"column":29},"end":{"line":143,"column":29}},{"start":{"line":143,"column":29},"end":{"line":143,"column":29}}]},"17":{"line":144,"type":"if","locations":[{"start":{"line":144,"column":8},"end":{"line":144,"column":8}},{"start":{"line":144,"column":8},"end":{"line":144,"column":8}}]},"18":{"line":145,"type":"if","locations":[{"start":{"line":145,"column":8},"end":{"line":145,"column":8}},{"start":{"line":145,"column":8},"end":{"line":145,"column":8}}]},"19":{"line":146,"type":"if","locations":[{"start":{"line":146,"column":8},"end":{"line":146,"column":8}},{"start":{"line":146,"column":8},"end":{"line":146,"column":8}}]},"20":{"line":147,"type":"if","locations":[{"start":{"line":147,"column":8},"end":{"line":147,"column":8}},{"start":{"line":147,"column":8},"end":{"line":147,"column":8}}]},"21":{"line":164,"type":"if","locations":[{"start":{"line":164,"column":8},"end":{"line":164,"column":8}},{"start":{"line":164,"column":8},"end":{"line":164,"column":8}}]},"22":{"line":165,"type":"if","locations":[{"start":{"line":165,"column":8},"end":{"line":165,"column":8}},{"start":{"line":165,"column":8},"end":{"line":165,"column":8}}]},"23":{"line":167,"type":"if","locations":[{"start":{"line":167,"column":8},"end":{"line":167,"column":8}},{"start":{"line":167,"column":8},"end":{"line":167,"column":8}}]},"24":{"line":188,"type":"if","locations":[{"start":{"line":188,"column":30},"end":{"line":188,"column":30}},{"start":{"line":188,"column":30},"end":{"line":188,"column":30}}]},"25":{"line":195,"type":"if","locations":[{"start":{"line":195,"column":32},"end":{"line":195,"column":32}},{"start":{"line":195,"column":32},"end":{"line":195,"column":32}}]}}}}